==========================================
SLURM_JOB_ID = 27797537
SLURM_JOB_NODELIST = b10-14
TMPDIR = /tmp/SLURM_27797537
==========================================
Collecting accelerate==1.1.1 (from -r requirements.txt (line 1))
  Downloading accelerate-1.1.1-py3-none-any.whl.metadata (19 kB)
Collecting aiohappyeyeballs==2.4.3 (from -r requirements.txt (line 2))
  Downloading aiohappyeyeballs-2.4.3-py3-none-any.whl.metadata (6.1 kB)
Collecting aiohttp==3.11.2 (from -r requirements.txt (line 3))
  Downloading aiohttp-3.11.2-cp312-cp312-manylinux_2_17_x86_64.manylinux2014_x86_64.whl.metadata (7.7 kB)
Collecting aiosignal==1.3.1 (from -r requirements.txt (line 4))
  Downloading aiosignal-1.3.1-py3-none-any.whl.metadata (4.0 kB)
Collecting attrs==24.2.0 (from -r requirements.txt (line 5))
  Downloading attrs-24.2.0-py3-none-any.whl.metadata (11 kB)
Collecting bitsandbytes==0.42.0 (from -r requirements.txt (line 6))
  Downloading bitsandbytes-0.42.0-py3-none-any.whl.metadata (9.9 kB)
Collecting certifi==2024.8.30 (from -r requirements.txt (line 7))
  Downloading certifi-2024.8.30-py3-none-any.whl.metadata (2.2 kB)
Collecting charset-normalizer==3.4.0 (from -r requirements.txt (line 8))
  Downloading charset_normalizer-3.4.0-cp312-cp312-manylinux_2_17_x86_64.manylinux2014_x86_64.whl.metadata (34 kB)
Collecting datasets==3.1.0 (from -r requirements.txt (line 9))
  Downloading datasets-3.1.0-py3-none-any.whl.metadata (20 kB)
Collecting dill==0.3.8 (from -r requirements.txt (line 10))
  Downloading dill-0.3.8-py3-none-any.whl.metadata (10 kB)
Collecting einops==0.8.0 (from -r requirements.txt (line 11))
  Downloading einops-0.8.0-py3-none-any.whl.metadata (12 kB)
Collecting filelock==3.16.1 (from -r requirements.txt (line 12))
  Downloading filelock-3.16.1-py3-none-any.whl.metadata (2.9 kB)
Collecting frozenlist==1.5.0 (from -r requirements.txt (line 13))
  Downloading frozenlist-1.5.0-cp312-cp312-manylinux_2_5_x86_64.manylinux1_x86_64.manylinux_2_17_x86_64.manylinux2014_x86_64.whl.metadata (13 kB)
Collecting fsspec==2024.9.0 (from -r requirements.txt (line 14))
  Downloading fsspec-2024.9.0-py3-none-any.whl.metadata (11 kB)
Collecting huggingface-hub==0.26.2 (from -r requirements.txt (line 15))
  Downloading huggingface_hub-0.26.2-py3-none-any.whl.metadata (13 kB)
Collecting idna==3.10 (from -r requirements.txt (line 16))
  Downloading idna-3.10-py3-none-any.whl.metadata (10 kB)
Collecting Jinja2==3.1.4 (from -r requirements.txt (line 17))
  Downloading jinja2-3.1.4-py3-none-any.whl.metadata (2.6 kB)
Collecting MarkupSafe==3.0.2 (from -r requirements.txt (line 18))
  Downloading MarkupSafe-3.0.2-cp312-cp312-manylinux_2_17_x86_64.manylinux2014_x86_64.whl.metadata (4.0 kB)
Collecting mpmath==1.3.0 (from -r requirements.txt (line 19))
  Downloading mpmath-1.3.0-py3-none-any.whl.metadata (8.6 kB)
Collecting multidict==6.1.0 (from -r requirements.txt (line 20))
  Downloading multidict-6.1.0-cp312-cp312-manylinux_2_17_x86_64.manylinux2014_x86_64.whl.metadata (5.0 kB)
Collecting multiprocess==0.70.16 (from -r requirements.txt (line 21))
  Downloading multiprocess-0.70.16-py312-none-any.whl.metadata (7.2 kB)
Collecting networkx==3.4.2 (from -r requirements.txt (line 22))
  Downloading networkx-3.4.2-py3-none-any.whl.metadata (6.3 kB)
Collecting numpy==2.1.3 (from -r requirements.txt (line 23))
  Downloading numpy-2.1.3-cp312-cp312-manylinux_2_17_x86_64.manylinux2014_x86_64.whl.metadata (62 kB)
     ━━━━━━━━━━━━━━━━━━━━━━━━━━━━━━━━━━━━━━━━ 62.0/62.0 kB 9.9 MB/s eta 0:00:00
Collecting nvidia-cublas-cu12==12.1.3.1 (from -r requirements.txt (line 24))
  Downloading nvidia_cublas_cu12-12.1.3.1-py3-none-manylinux1_x86_64.whl.metadata (1.5 kB)
Collecting nvidia-cuda-cupti-cu12==12.1.105 (from -r requirements.txt (line 25))
  Downloading nvidia_cuda_cupti_cu12-12.1.105-py3-none-manylinux1_x86_64.whl.metadata (1.6 kB)
Collecting nvidia-cuda-nvrtc-cu12==12.1.105 (from -r requirements.txt (line 26))
  Downloading nvidia_cuda_nvrtc_cu12-12.1.105-py3-none-manylinux1_x86_64.whl.metadata (1.5 kB)
Collecting nvidia-cuda-runtime-cu12==12.1.105 (from -r requirements.txt (line 27))
  Downloading nvidia_cuda_runtime_cu12-12.1.105-py3-none-manylinux1_x86_64.whl.metadata (1.5 kB)
Collecting nvidia-cudnn-cu12==9.1.0.70 (from -r requirements.txt (line 28))
  Downloading nvidia_cudnn_cu12-9.1.0.70-py3-none-manylinux2014_x86_64.whl.metadata (1.6 kB)
Collecting nvidia-cufft-cu12==11.0.2.54 (from -r requirements.txt (line 29))
  Downloading nvidia_cufft_cu12-11.0.2.54-py3-none-manylinux1_x86_64.whl.metadata (1.5 kB)
Collecting nvidia-curand-cu12==10.3.2.106 (from -r requirements.txt (line 30))
  Downloading nvidia_curand_cu12-10.3.2.106-py3-none-manylinux1_x86_64.whl.metadata (1.5 kB)
Collecting nvidia-cusolver-cu12==11.4.5.107 (from -r requirements.txt (line 31))
  Downloading nvidia_cusolver_cu12-11.4.5.107-py3-none-manylinux1_x86_64.whl.metadata (1.6 kB)
Collecting nvidia-cusparse-cu12==12.1.0.106 (from -r requirements.txt (line 32))
  Downloading nvidia_cusparse_cu12-12.1.0.106-py3-none-manylinux1_x86_64.whl.metadata (1.6 kB)
Collecting nvidia-nccl-cu12==2.20.5 (from -r requirements.txt (line 33))
  Downloading nvidia_nccl_cu12-2.20.5-py3-none-manylinux2014_x86_64.whl.metadata (1.8 kB)
Collecting nvidia-nvjitlink-cu12==12.4.127 (from -r requirements.txt (line 34))
  Downloading nvidia_nvjitlink_cu12-12.4.127-py3-none-manylinux2014_x86_64.whl.metadata (1.5 kB)
Collecting nvidia-nvtx-cu12==12.1.105 (from -r requirements.txt (line 35))
  Downloading nvidia_nvtx_cu12-12.1.105-py3-none-manylinux1_x86_64.whl.metadata (1.7 kB)
Collecting packaging==24.2 (from -r requirements.txt (line 36))
  Downloading packaging-24.2-py3-none-any.whl.metadata (3.2 kB)
Collecting pandas==2.2.3 (from -r requirements.txt (line 37))
  Downloading pandas-2.2.3-cp312-cp312-manylinux_2_17_x86_64.manylinux2014_x86_64.whl.metadata (89 kB)
     ━━━━━━━━━━━━━━━━━━━━━━━━━━━━━━━━━━━━━━━━ 89.9/89.9 kB 15.0 MB/s eta 0:00:00
Collecting peft==0.13.2 (from -r requirements.txt (line 38))
  Downloading peft-0.13.2-py3-none-any.whl.metadata (13 kB)
Collecting propcache==0.2.0 (from -r requirements.txt (line 39))
  Downloading propcache-0.2.0-cp312-cp312-manylinux_2_17_x86_64.manylinux2014_x86_64.whl.metadata (7.7 kB)
Collecting psutil==6.1.0 (from -r requirements.txt (line 40))
  Downloading psutil-6.1.0-cp36-abi3-manylinux_2_12_x86_64.manylinux2010_x86_64.manylinux_2_17_x86_64.manylinux2014_x86_64.whl.metadata (22 kB)
Collecting pyarrow==18.0.0 (from -r requirements.txt (line 41))
  Downloading pyarrow-18.0.0-cp312-cp312-manylinux_2_17_x86_64.manylinux2014_x86_64.whl.metadata (3.3 kB)
Collecting python-dateutil==2.9.0.post0 (from -r requirements.txt (line 42))
  Downloading python_dateutil-2.9.0.post0-py2.py3-none-any.whl.metadata (8.4 kB)
Collecting pytz==2024.2 (from -r requirements.txt (line 43))
  Downloading pytz-2024.2-py2.py3-none-any.whl.metadata (22 kB)
Collecting PyYAML==6.0.2 (from -r requirements.txt (line 44))
  Downloading PyYAML-6.0.2-cp312-cp312-manylinux_2_17_x86_64.manylinux2014_x86_64.whl.metadata (2.1 kB)
Collecting regex==2024.11.6 (from -r requirements.txt (line 45))
  Downloading regex-2024.11.6-cp312-cp312-manylinux_2_17_x86_64.manylinux2014_x86_64.whl.metadata (40 kB)
     ━━━━━━━━━━━━━━━━━━━━━━━━━━━━━━━━━━━━━━━━ 40.5/40.5 kB 6.2 MB/s eta 0:00:00
Collecting requests==2.32.3 (from -r requirements.txt (line 46))
  Downloading requests-2.32.3-py3-none-any.whl.metadata (4.6 kB)
Collecting safetensors==0.4.5 (from -r requirements.txt (line 47))
  Downloading safetensors-0.4.5-cp312-cp312-manylinux_2_17_x86_64.manylinux2014_x86_64.whl.metadata (3.8 kB)
Collecting setuptools==75.3.0 (from -r requirements.txt (line 48))
  Downloading setuptools-75.3.0-py3-none-any.whl.metadata (6.9 kB)
Collecting six==1.16.0 (from -r requirements.txt (line 49))
  Downloading six-1.16.0-py2.py3-none-any.whl.metadata (1.8 kB)
Collecting sympy==1.13.1 (from -r requirements.txt (line 50))
  Downloading sympy-1.13.1-py3-none-any.whl.metadata (12 kB)
Collecting tokenizers==0.20.3 (from -r requirements.txt (line 51))
  Downloading tokenizers-0.20.3-cp312-cp312-manylinux_2_17_x86_64.manylinux2014_x86_64.whl.metadata (6.7 kB)
Collecting torch==2.4.1 (from -r requirements.txt (line 52))
  Downloading torch-2.4.1-cp312-cp312-manylinux1_x86_64.whl.metadata (26 kB)
Collecting tqdm==4.67.0 (from -r requirements.txt (line 53))
  Downloading tqdm-4.67.0-py3-none-any.whl.metadata (57 kB)
     ━━━━━━━━━━━━━━━━━━━━━━━━━━━━━━━━━━━━━━━━ 57.6/57.6 kB 11.3 MB/s eta 0:00:00
Collecting transformers==4.46.2 (from -r requirements.txt (line 54))
  Downloading transformers-4.46.2-py3-none-any.whl.metadata (44 kB)
     ━━━━━━━━━━━━━━━━━━━━━━━━━━━━━━━━━━━━━━━━ 44.1/44.1 kB 8.5 MB/s eta 0:00:00
Collecting triton==3.0.0 (from -r requirements.txt (line 55))
  Downloading triton-3.0.0-1-cp312-cp312-manylinux2014_x86_64.manylinux_2_17_x86_64.whl.metadata (1.3 kB)
Collecting typing_extensions==4.12.2 (from -r requirements.txt (line 56))
  Downloading typing_extensions-4.12.2-py3-none-any.whl.metadata (3.0 kB)
Collecting tzdata==2024.2 (from -r requirements.txt (line 57))
  Downloading tzdata-2024.2-py2.py3-none-any.whl.metadata (1.4 kB)
Collecting urllib3==2.2.3 (from -r requirements.txt (line 58))
  Downloading urllib3-2.2.3-py3-none-any.whl.metadata (6.5 kB)
Collecting xxhash==3.5.0 (from -r requirements.txt (line 59))
  Downloading xxhash-3.5.0-cp312-cp312-manylinux_2_17_x86_64.manylinux2014_x86_64.whl.metadata (12 kB)
Collecting yarl==1.17.2 (from -r requirements.txt (line 60))
  Downloading yarl-1.17.2-cp312-cp312-manylinux_2_17_x86_64.manylinux2014_x86_64.whl.metadata (66 kB)
     ━━━━━━━━━━━━━━━━━━━━━━━━━━━━━━━━━━━━━━━━ 66.6/66.6 kB 11.8 MB/s eta 0:00:00
Collecting scipy (from bitsandbytes==0.42.0->-r requirements.txt (line 6))
  Downloading scipy-1.14.1-cp312-cp312-manylinux_2_17_x86_64.manylinux2014_x86_64.whl.metadata (60 kB)
     ━━━━━━━━━━━━━━━━━━━━━━━━━━━━━━━━━━━━━━━━ 60.8/60.8 kB 11.8 MB/s eta 0:00:00
Downloading accelerate-1.1.1-py3-none-any.whl (333 kB)
   ━━━━━━━━━━━━━━━━━━━━━━━━━━━━━━━━━━━━━━━━ 333.2/333.2 kB 34.7 MB/s eta 0:00:00
Downloading aiohappyeyeballs-2.4.3-py3-none-any.whl (14 kB)
Downloading aiohttp-3.11.2-cp312-cp312-manylinux_2_17_x86_64.manylinux2014_x86_64.whl (1.7 MB)
   ━━━━━━━━━━━━━━━━━━━━━━━━━━━━━━━━━━━━━━━━ 1.7/1.7 MB 51.2 MB/s eta 0:00:00
Downloading aiosignal-1.3.1-py3-none-any.whl (7.6 kB)
Downloading attrs-24.2.0-py3-none-any.whl (63 kB)
   ━━━━━━━━━━━━━━━━━━━━━━━━━━━━━━━━━━━━━━━━ 63.0/63.0 kB 11.7 MB/s eta 0:00:00
Downloading bitsandbytes-0.42.0-py3-none-any.whl (105.0 MB)
   ━━━━━━━━━━━━━━━━━━━━━━━━━━━━━━━━━━━━━━━━ 105.0/105.0 MB 10.2 MB/s eta 0:00:00
Downloading certifi-2024.8.30-py3-none-any.whl (167 kB)
   ━━━━━━━━━━━━━━━━━━━━━━━━━━━━━━━━━━━━━━━━ 167.3/167.3 kB 26.0 MB/s eta 0:00:00
Downloading charset_normalizer-3.4.0-cp312-cp312-manylinux_2_17_x86_64.manylinux2014_x86_64.whl (143 kB)
   ━━━━━━━━━━━━━━━━━━━━━━━━━━━━━━━━━━━━━━━━ 143.8/143.8 kB 24.2 MB/s eta 0:00:00
Downloading datasets-3.1.0-py3-none-any.whl (480 kB)
   ━━━━━━━━━━━━━━━━━━━━━━━━━━━━━━━━━━━━━━━━ 480.6/480.6 kB 38.0 MB/s eta 0:00:00
Downloading dill-0.3.8-py3-none-any.whl (116 kB)
   ━━━━━━━━━━━━━━━━━━━━━━━━━━━━━━━━━━━━━━━━ 116.3/116.3 kB 20.3 MB/s eta 0:00:00
Downloading einops-0.8.0-py3-none-any.whl (43 kB)
   ━━━━━━━━━━━━━━━━━━━━━━━━━━━━━━━━━━━━━━━━ 43.2/43.2 kB 7.7 MB/s eta 0:00:00
Downloading filelock-3.16.1-py3-none-any.whl (16 kB)
Downloading frozenlist-1.5.0-cp312-cp312-manylinux_2_5_x86_64.manylinux1_x86_64.manylinux_2_17_x86_64.manylinux2014_x86_64.whl (283 kB)
   ━━━━━━━━━━━━━━━━━━━━━━━━━━━━━━━━━━━━━━━━ 283.6/283.6 kB 31.0 MB/s eta 0:00:00
Downloading fsspec-2024.9.0-py3-none-any.whl (179 kB)
   ━━━━━━━━━━━━━━━━━━━━━━━━━━━━━━━━━━━━━━━━ 179.3/179.3 kB 26.1 MB/s eta 0:00:00
Downloading huggingface_hub-0.26.2-py3-none-any.whl (447 kB)
   ━━━━━━━━━━━━━━━━━━━━━━━━━━━━━━━━━━━━━━━━ 447.5/447.5 kB 39.0 MB/s eta 0:00:00
Downloading idna-3.10-py3-none-any.whl (70 kB)
   ━━━━━━━━━━━━━━━━━━━━━━━━━━━━━━━━━━━━━━━━ 70.4/70.4 kB 14.2 MB/s eta 0:00:00
Downloading jinja2-3.1.4-py3-none-any.whl (133 kB)
   ━━━━━━━━━━━━━━━━━━━━━━━━━━━━━━━━━━━━━━━━ 133.3/133.3 kB 23.0 MB/s eta 0:00:00
Downloading MarkupSafe-3.0.2-cp312-cp312-manylinux_2_17_x86_64.manylinux2014_x86_64.whl (23 kB)
Downloading mpmath-1.3.0-py3-none-any.whl (536 kB)
   ━━━━━━━━━━━━━━━━━━━━━━━━━━━━━━━━━━━━━━━━ 536.2/536.2 kB 42.0 MB/s eta 0:00:00
Downloading multidict-6.1.0-cp312-cp312-manylinux_2_17_x86_64.manylinux2014_x86_64.whl (131 kB)
   ━━━━━━━━━━━━━━━━━━━━━━━━━━━━━━━━━━━━━━━━ 131.0/131.0 kB 22.1 MB/s eta 0:00:00
Downloading multiprocess-0.70.16-py312-none-any.whl (146 kB)
   ━━━━━━━━━━━━━━━━━━━━━━━━━━━━━━━━━━━━━━━━ 146.7/146.7 kB 24.2 MB/s eta 0:00:00
Downloading networkx-3.4.2-py3-none-any.whl (1.7 MB)
   ━━━━━━━━━━━━━━━━━━━━━━━━━━━━━━━━━━━━━━━━ 1.7/1.7 MB 51.1 MB/s eta 0:00:00
Downloading numpy-2.1.3-cp312-cp312-manylinux_2_17_x86_64.manylinux2014_x86_64.whl (16.0 MB)
   ━━━━━━━━━━━━━━━━━━━━━━━━━━━━━━━━━━━━━━━━ 16.0/16.0 MB 44.7 MB/s eta 0:00:00
Downloading nvidia_cublas_cu12-12.1.3.1-py3-none-manylinux1_x86_64.whl (410.6 MB)
   ━━━━━━━━━━━━━━━━━━━━━━━━━━━━━━━━━━━━━━━━ 410.6/410.6 MB 2.8 MB/s eta 0:00:00
Downloading nvidia_cuda_cupti_cu12-12.1.105-py3-none-manylinux1_x86_64.whl (14.1 MB)
   ━━━━━━━━━━━━━━━━━━━━━━━━━━━━━━━━━━━━━━━━ 14.1/14.1 MB 46.4 MB/s eta 0:00:00
Downloading nvidia_cuda_nvrtc_cu12-12.1.105-py3-none-manylinux1_x86_64.whl (23.7 MB)
   ━━━━━━━━━━━━━━━━━━━━━━━━━━━━━━━━━━━━━━━━ 23.7/23.7 MB 34.1 MB/s eta 0:00:00
Downloading nvidia_cuda_runtime_cu12-12.1.105-py3-none-manylinux1_x86_64.whl (823 kB)
   ━━━━━━━━━━━━━━━━━━━━━━━━━━━━━━━━━━━━━━━━ 823.6/823.6 kB 47.5 MB/s eta 0:00:00
Downloading nvidia_cudnn_cu12-9.1.0.70-py3-none-manylinux2014_x86_64.whl (664.8 MB)
   ━━━━━━━━━━━━━━━━━━━━━━━━━━━━━━━━━━━━━━━━ 664.8/664.8 MB 1.8 MB/s eta 0:00:00
Downloading nvidia_cufft_cu12-11.0.2.54-py3-none-manylinux1_x86_64.whl (121.6 MB)
   ━━━━━━━━━━━━━━━━━━━━━━━━━━━━━━━━━━━━━━━━ 121.6/121.6 MB 8.9 MB/s eta 0:00:00
Downloading nvidia_curand_cu12-10.3.2.106-py3-none-manylinux1_x86_64.whl (56.5 MB)
   ━━━━━━━━━━━━━━━━━━━━━━━━━━━━━━━━━━━━━━━━ 56.5/56.5 MB 17.6 MB/s eta 0:00:00
Downloading nvidia_cusolver_cu12-11.4.5.107-py3-none-manylinux1_x86_64.whl (124.2 MB)
   ━━━━━━━━━━━━━━━━━━━━━━━━━━━━━━━━━━━━━━━━ 124.2/124.2 MB 8.8 MB/s eta 0:00:00
Downloading nvidia_cusparse_cu12-12.1.0.106-py3-none-manylinux1_x86_64.whl (196.0 MB)
   ━━━━━━━━━━━━━━━━━━━━━━━━━━━━━━━━━━━━━━━━ 196.0/196.0 MB 5.8 MB/s eta 0:00:00
Downloading nvidia_nccl_cu12-2.20.5-py3-none-manylinux2014_x86_64.whl (176.2 MB)
   ━━━━━━━━━━━━━━━━━━━━━━━━━━━━━━━━━━━━━━━━ 176.2/176.2 MB 6.4 MB/s eta 0:00:00
Downloading nvidia_nvjitlink_cu12-12.4.127-py3-none-manylinux2014_x86_64.whl (21.1 MB)
   ━━━━━━━━━━━━━━━━━━━━━━━━━━━━━━━━━━━━━━━━ 21.1/21.1 MB 36.8 MB/s eta 0:00:00
Downloading nvidia_nvtx_cu12-12.1.105-py3-none-manylinux1_x86_64.whl (99 kB)
   ━━━━━━━━━━━━━━━━━━━━━━━━━━━━━━━━━━━━━━━━ 99.1/99.1 kB 15.4 MB/s eta 0:00:00
Downloading packaging-24.2-py3-none-any.whl (65 kB)
   ━━━━━━━━━━━━━━━━━━━━━━━━━━━━━━━━━━━━━━━━ 65.5/65.5 kB 11.9 MB/s eta 0:00:00
Downloading pandas-2.2.3-cp312-cp312-manylinux_2_17_x86_64.manylinux2014_x86_64.whl (12.7 MB)
   ━━━━━━━━━━━━━━━━━━━━━━━━━━━━━━━━━━━━━━━━ 12.7/12.7 MB 50.2 MB/s eta 0:00:00
Downloading peft-0.13.2-py3-none-any.whl (320 kB)
   ━━━━━━━━━━━━━━━━━━━━━━━━━━━━━━━━━━━━━━━━ 320.7/320.7 kB 33.0 MB/s eta 0:00:00
Downloading propcache-0.2.0-cp312-cp312-manylinux_2_17_x86_64.manylinux2014_x86_64.whl (248 kB)
   ━━━━━━━━━━━━━━━━━━━━━━━━━━━━━━━━━━━━━━━━ 248.2/248.2 kB 29.8 MB/s eta 0:00:00
Downloading psutil-6.1.0-cp36-abi3-manylinux_2_12_x86_64.manylinux2010_x86_64.manylinux_2_17_x86_64.manylinux2014_x86_64.whl (287 kB)
   ━━━━━━━━━━━━━━━━━━━━━━━━━━━━━━━━━━━━━━━━ 287.3/287.3 kB 32.4 MB/s eta 0:00:00
Downloading pyarrow-18.0.0-cp312-cp312-manylinux_2_17_x86_64.manylinux2014_x86_64.whl (40.1 MB)
   ━━━━━━━━━━━━━━━━━━━━━━━━━━━━━━━━━━━━━━━━ 40.1/40.1 MB 23.4 MB/s eta 0:00:00
Downloading python_dateutil-2.9.0.post0-py2.py3-none-any.whl (229 kB)
   ━━━━━━━━━━━━━━━━━━━━━━━━━━━━━━━━━━━━━━━━ 229.9/229.9 kB 29.4 MB/s eta 0:00:00
Downloading pytz-2024.2-py2.py3-none-any.whl (508 kB)
   ━━━━━━━━━━━━━━━━━━━━━━━━━━━━━━━━━━━━━━━━ 508.0/508.0 kB 43.5 MB/s eta 0:00:00
Downloading PyYAML-6.0.2-cp312-cp312-manylinux_2_17_x86_64.manylinux2014_x86_64.whl (767 kB)
   ━━━━━━━━━━━━━━━━━━━━━━━━━━━━━━━━━━━━━━━━ 767.5/767.5 kB 43.7 MB/s eta 0:00:00
Downloading regex-2024.11.6-cp312-cp312-manylinux_2_17_x86_64.manylinux2014_x86_64.whl (796 kB)
   ━━━━━━━━━━━━━━━━━━━━━━━━━━━━━━━━━━━━━━━━ 796.9/796.9 kB 47.1 MB/s eta 0:00:00
Downloading requests-2.32.3-py3-none-any.whl (64 kB)
   ━━━━━━━━━━━━━━━━━━━━━━━━━━━━━━━━━━━━━━━━ 64.9/64.9 kB 12.5 MB/s eta 0:00:00
Downloading safetensors-0.4.5-cp312-cp312-manylinux_2_17_x86_64.manylinux2014_x86_64.whl (434 kB)
   ━━━━━━━━━━━━━━━━━━━━━━━━━━━━━━━━━━━━━━━━ 434.8/434.8 kB 41.8 MB/s eta 0:00:00
Downloading setuptools-75.3.0-py3-none-any.whl (1.3 MB)
   ━━━━━━━━━━━━━━━━━━━━━━━━━━━━━━━━━━━━━━━━ 1.3/1.3 MB 47.4 MB/s eta 0:00:00
Downloading six-1.16.0-py2.py3-none-any.whl (11 kB)
Downloading sympy-1.13.1-py3-none-any.whl (6.2 MB)
   ━━━━━━━━━━━━━━━━━━━━━━━━━━━━━━━━━━━━━━━━ 6.2/6.2 MB 54.4 MB/s eta 0:00:00
Downloading tokenizers-0.20.3-cp312-cp312-manylinux_2_17_x86_64.manylinux2014_x86_64.whl (3.0 MB)
   ━━━━━━━━━━━━━━━━━━━━━━━━━━━━━━━━━━━━━━━━ 3.0/3.0 MB 48.0 MB/s eta 0:00:00
Downloading torch-2.4.1-cp312-cp312-manylinux1_x86_64.whl (797.0 MB)
   ━━━━━━━━━━━━━━━━━━━━━━━━━━━━━━━━━━━━━━━━ 797.0/797.0 MB 1.5 MB/s eta 0:00:00
Downloading tqdm-4.67.0-py3-none-any.whl (78 kB)
   ━━━━━━━━━━━━━━━━━━━━━━━━━━━━━━━━━━━━━━━━ 78.6/78.6 kB 10.0 MB/s eta 0:00:00
Downloading transformers-4.46.2-py3-none-any.whl (10.0 MB)
   ━━━━━━━━━━━━━━━━━━━━━━━━━━━━━━━━━━━━━━━━ 10.0/10.0 MB 52.4 MB/s eta 0:00:00
Downloading triton-3.0.0-1-cp312-cp312-manylinux2014_x86_64.manylinux_2_17_x86_64.whl (209.5 MB)
   ━━━━━━━━━━━━━━━━━━━━━━━━━━━━━━━━━━━━━━━━ 209.5/209.5 MB 5.4 MB/s eta 0:00:00
Downloading typing_extensions-4.12.2-py3-none-any.whl (37 kB)
Downloading tzdata-2024.2-py2.py3-none-any.whl (346 kB)
   ━━━━━━━━━━━━━━━━━━━━━━━━━━━━━━━━━━━━━━━━ 346.6/346.6 kB 35.8 MB/s eta 0:00:00
Downloading urllib3-2.2.3-py3-none-any.whl (126 kB)
   ━━━━━━━━━━━━━━━━━━━━━━━━━━━━━━━━━━━━━━━━ 126.3/126.3 kB 21.5 MB/s eta 0:00:00
Downloading xxhash-3.5.0-cp312-cp312-manylinux_2_17_x86_64.manylinux2014_x86_64.whl (194 kB)
   ━━━━━━━━━━━━━━━━━━━━━━━━━━━━━━━━━━━━━━━━ 194.4/194.4 kB 26.5 MB/s eta 0:00:00
Downloading yarl-1.17.2-cp312-cp312-manylinux_2_17_x86_64.manylinux2014_x86_64.whl (336 kB)
   ━━━━━━━━━━━━━━━━━━━━━━━━━━━━━━━━━━━━━━━━ 336.4/336.4 kB 36.8 MB/s eta 0:00:00
Downloading scipy-1.14.1-cp312-cp312-manylinux_2_17_x86_64.manylinux2014_x86_64.whl (40.8 MB)
   ━━━━━━━━━━━━━━━━━━━━━━━━━━━━━━━━━━━━━━━━ 40.8/40.8 MB 22.9 MB/s eta 0:00:00
Installing collected packages: pytz, mpmath, xxhash, urllib3, tzdata, typing_extensions, tqdm, sympy, six, setuptools, safetensors, regex, PyYAML, pyarrow, psutil, propcache, packaging, nvidia-nvtx-cu12, nvidia-nvjitlink-cu12, nvidia-nccl-cu12, nvidia-curand-cu12, nvidia-cufft-cu12, nvidia-cuda-runtime-cu12, nvidia-cuda-nvrtc-cu12, nvidia-cuda-cupti-cu12, nvidia-cublas-cu12, numpy, networkx, multidict, MarkupSafe, idna, fsspec, frozenlist, filelock, einops, dill, charset-normalizer, certifi, attrs, aiohappyeyeballs, yarl, triton, scipy, requests, python-dateutil, nvidia-cusparse-cu12, nvidia-cudnn-cu12, multiprocess, Jinja2, aiosignal, pandas, nvidia-cusolver-cu12, huggingface-hub, bitsandbytes, aiohttp, torch, tokenizers, transformers, datasets, accelerate, peft
Successfully installed Jinja2-3.1.4 MarkupSafe-3.0.2 PyYAML-6.0.2 accelerate-1.1.1 aiohappyeyeballs-2.4.3 aiohttp-3.11.2 aiosignal-1.3.1 attrs-24.2.0 bitsandbytes-0.42.0 certifi-2024.8.30 charset-normalizer-3.4.0 datasets-3.1.0 dill-0.3.8 einops-0.8.0 filelock-3.16.1 frozenlist-1.5.0 fsspec-2024.9.0 huggingface-hub-0.26.2 idna-3.10 mpmath-1.3.0 multidict-6.1.0 multiprocess-0.70.16 networkx-3.4.2 numpy-2.1.3 nvidia-cublas-cu12-12.1.3.1 nvidia-cuda-cupti-cu12-12.1.105 nvidia-cuda-nvrtc-cu12-12.1.105 nvidia-cuda-runtime-cu12-12.1.105 nvidia-cudnn-cu12-9.1.0.70 nvidia-cufft-cu12-11.0.2.54 nvidia-curand-cu12-10.3.2.106 nvidia-cusolver-cu12-11.4.5.107 nvidia-cusparse-cu12-12.1.0.106 nvidia-nccl-cu12-2.20.5 nvidia-nvjitlink-cu12-12.4.127 nvidia-nvtx-cu12-12.1.105 packaging-24.2 pandas-2.2.3 peft-0.13.2 propcache-0.2.0 psutil-6.1.0 pyarrow-18.0.0 python-dateutil-2.9.0.post0 pytz-2024.2 regex-2024.11.6 requests-2.32.3 safetensors-0.4.5 scipy-1.14.1 setuptools-75.3.0 six-1.16.0 sympy-1.13.1 tokenizers-0.20.3 torch-2.4.1 tqdm-4.67.0 transformers-4.46.2 triton-3.0.0 typing_extensions-4.12.2 tzdata-2024.2 urllib3-2.2.3 xxhash-3.5.0 yarl-1.17.2

[notice] A new release of pip is available: 24.0 -> 24.3.1
[notice] To update, run: pip install --upgrade pip
Collecting flash-attn
  Downloading flash_attn-2.7.0.post2.tar.gz (2.7 MB)
     ━━━━━━━━━━━━━━━━━━━━━━━━━━━━━━━━━━━━━━━━ 2.7/2.7 MB 50.6 MB/s eta 0:00:00
  Preparing metadata (pyproject.toml): started
  Preparing metadata (pyproject.toml): finished with status 'done'
Requirement already satisfied: torch in ./venv/lib/python3.12/site-packages (from flash-attn) (2.4.1)
Requirement already satisfied: einops in ./venv/lib/python3.12/site-packages (from flash-attn) (0.8.0)
Requirement already satisfied: filelock in ./venv/lib/python3.12/site-packages (from torch->flash-attn) (3.16.1)
Requirement already satisfied: typing-extensions>=4.8.0 in ./venv/lib/python3.12/site-packages (from torch->flash-attn) (4.12.2)
Requirement already satisfied: sympy in ./venv/lib/python3.12/site-packages (from torch->flash-attn) (1.13.1)
Requirement already satisfied: networkx in ./venv/lib/python3.12/site-packages (from torch->flash-attn) (3.4.2)
Requirement already satisfied: jinja2 in ./venv/lib/python3.12/site-packages (from torch->flash-attn) (3.1.4)
Requirement already satisfied: fsspec in ./venv/lib/python3.12/site-packages (from torch->flash-attn) (2024.9.0)
Requirement already satisfied: setuptools in ./venv/lib/python3.12/site-packages (from torch->flash-attn) (75.3.0)
Requirement already satisfied: nvidia-cuda-nvrtc-cu12==12.1.105 in ./venv/lib/python3.12/site-packages (from torch->flash-attn) (12.1.105)
Requirement already satisfied: nvidia-cuda-runtime-cu12==12.1.105 in ./venv/lib/python3.12/site-packages (from torch->flash-attn) (12.1.105)
Requirement already satisfied: nvidia-cuda-cupti-cu12==12.1.105 in ./venv/lib/python3.12/site-packages (from torch->flash-attn) (12.1.105)
Requirement already satisfied: nvidia-cudnn-cu12==9.1.0.70 in ./venv/lib/python3.12/site-packages (from torch->flash-attn) (9.1.0.70)
Requirement already satisfied: nvidia-cublas-cu12==12.1.3.1 in ./venv/lib/python3.12/site-packages (from torch->flash-attn) (12.1.3.1)
Requirement already satisfied: nvidia-cufft-cu12==11.0.2.54 in ./venv/lib/python3.12/site-packages (from torch->flash-attn) (11.0.2.54)
Requirement already satisfied: nvidia-curand-cu12==10.3.2.106 in ./venv/lib/python3.12/site-packages (from torch->flash-attn) (10.3.2.106)
Requirement already satisfied: nvidia-cusolver-cu12==11.4.5.107 in ./venv/lib/python3.12/site-packages (from torch->flash-attn) (11.4.5.107)
Requirement already satisfied: nvidia-cusparse-cu12==12.1.0.106 in ./venv/lib/python3.12/site-packages (from torch->flash-attn) (12.1.0.106)
Requirement already satisfied: nvidia-nccl-cu12==2.20.5 in ./venv/lib/python3.12/site-packages (from torch->flash-attn) (2.20.5)
Requirement already satisfied: nvidia-nvtx-cu12==12.1.105 in ./venv/lib/python3.12/site-packages (from torch->flash-attn) (12.1.105)
Requirement already satisfied: triton==3.0.0 in ./venv/lib/python3.12/site-packages (from torch->flash-attn) (3.0.0)
Requirement already satisfied: nvidia-nvjitlink-cu12 in ./venv/lib/python3.12/site-packages (from nvidia-cusolver-cu12==11.4.5.107->torch->flash-attn) (12.4.127)
Requirement already satisfied: MarkupSafe>=2.0 in ./venv/lib/python3.12/site-packages (from jinja2->torch->flash-attn) (3.0.2)
Requirement already satisfied: mpmath<1.4,>=1.1.0 in ./venv/lib/python3.12/site-packages (from sympy->torch->flash-attn) (1.3.0)
Building wheels for collected packages: flash-attn
  Building wheel for flash-attn (pyproject.toml): started
