==========================================
SLURM_JOB_ID = 27797536
SLURM_JOB_NODELIST = a03-01
TMPDIR = /tmp/SLURM_27797536
==========================================
Collecting accelerate==1.1.1 (from -r requirements.txt (line 1))
  Using cached accelerate-1.1.1-py3-none-any.whl.metadata (19 kB)
Collecting aiohappyeyeballs==2.4.3 (from -r requirements.txt (line 2))
  Using cached aiohappyeyeballs-2.4.3-py3-none-any.whl.metadata (6.1 kB)
Collecting aiohttp==3.11.2 (from -r requirements.txt (line 3))
  Using cached aiohttp-3.11.2-cp312-cp312-manylinux_2_17_x86_64.manylinux2014_x86_64.whl.metadata (7.7 kB)
Collecting aiosignal==1.3.1 (from -r requirements.txt (line 4))
  Using cached aiosignal-1.3.1-py3-none-any.whl.metadata (4.0 kB)
Collecting attrs==24.2.0 (from -r requirements.txt (line 5))
  Using cached attrs-24.2.0-py3-none-any.whl.metadata (11 kB)
Collecting bitsandbytes==0.42.0 (from -r requirements.txt (line 6))
  Using cached bitsandbytes-0.42.0-py3-none-any.whl.metadata (9.9 kB)
Collecting certifi==2024.8.30 (from -r requirements.txt (line 7))
  Using cached certifi-2024.8.30-py3-none-any.whl.metadata (2.2 kB)
Collecting charset-normalizer==3.4.0 (from -r requirements.txt (line 8))
  Using cached charset_normalizer-3.4.0-cp312-cp312-manylinux_2_17_x86_64.manylinux2014_x86_64.whl.metadata (34 kB)
Collecting datasets==3.1.0 (from -r requirements.txt (line 9))
  Using cached datasets-3.1.0-py3-none-any.whl.metadata (20 kB)
Collecting dill==0.3.8 (from -r requirements.txt (line 10))
  Using cached dill-0.3.8-py3-none-any.whl.metadata (10 kB)
Collecting einops==0.8.0 (from -r requirements.txt (line 11))
  Using cached einops-0.8.0-py3-none-any.whl.metadata (12 kB)
Collecting filelock==3.16.1 (from -r requirements.txt (line 12))
  Using cached filelock-3.16.1-py3-none-any.whl.metadata (2.9 kB)
Collecting frozenlist==1.5.0 (from -r requirements.txt (line 13))
  Using cached frozenlist-1.5.0-cp312-cp312-manylinux_2_5_x86_64.manylinux1_x86_64.manylinux_2_17_x86_64.manylinux2014_x86_64.whl.metadata (13 kB)
Collecting fsspec==2024.9.0 (from -r requirements.txt (line 14))
  Using cached fsspec-2024.9.0-py3-none-any.whl.metadata (11 kB)
Collecting huggingface-hub==0.26.2 (from -r requirements.txt (line 15))
  Using cached huggingface_hub-0.26.2-py3-none-any.whl.metadata (13 kB)
Collecting idna==3.10 (from -r requirements.txt (line 16))
  Using cached idna-3.10-py3-none-any.whl.metadata (10 kB)
Collecting Jinja2==3.1.4 (from -r requirements.txt (line 17))
  Using cached jinja2-3.1.4-py3-none-any.whl.metadata (2.6 kB)
Collecting MarkupSafe==3.0.2 (from -r requirements.txt (line 18))
  Using cached MarkupSafe-3.0.2-cp312-cp312-manylinux_2_17_x86_64.manylinux2014_x86_64.whl.metadata (4.0 kB)
Collecting mpmath==1.3.0 (from -r requirements.txt (line 19))
  Using cached mpmath-1.3.0-py3-none-any.whl.metadata (8.6 kB)
Collecting multidict==6.1.0 (from -r requirements.txt (line 20))
  Using cached multidict-6.1.0-cp312-cp312-manylinux_2_17_x86_64.manylinux2014_x86_64.whl.metadata (5.0 kB)
Collecting multiprocess==0.70.16 (from -r requirements.txt (line 21))
  Using cached multiprocess-0.70.16-py312-none-any.whl.metadata (7.2 kB)
Collecting networkx==3.4.2 (from -r requirements.txt (line 22))
  Using cached networkx-3.4.2-py3-none-any.whl.metadata (6.3 kB)
Collecting numpy==2.1.3 (from -r requirements.txt (line 23))
  Using cached numpy-2.1.3-cp312-cp312-manylinux_2_17_x86_64.manylinux2014_x86_64.whl.metadata (62 kB)
Collecting nvidia-cublas-cu12==12.1.3.1 (from -r requirements.txt (line 24))
  Using cached nvidia_cublas_cu12-12.1.3.1-py3-none-manylinux1_x86_64.whl.metadata (1.5 kB)
Collecting nvidia-cuda-cupti-cu12==12.1.105 (from -r requirements.txt (line 25))
  Using cached nvidia_cuda_cupti_cu12-12.1.105-py3-none-manylinux1_x86_64.whl.metadata (1.6 kB)
Collecting nvidia-cuda-nvrtc-cu12==12.1.105 (from -r requirements.txt (line 26))
  Using cached nvidia_cuda_nvrtc_cu12-12.1.105-py3-none-manylinux1_x86_64.whl.metadata (1.5 kB)
Collecting nvidia-cuda-runtime-cu12==12.1.105 (from -r requirements.txt (line 27))
  Using cached nvidia_cuda_runtime_cu12-12.1.105-py3-none-manylinux1_x86_64.whl.metadata (1.5 kB)
Collecting nvidia-cudnn-cu12==9.1.0.70 (from -r requirements.txt (line 28))
  Using cached nvidia_cudnn_cu12-9.1.0.70-py3-none-manylinux2014_x86_64.whl.metadata (1.6 kB)
Collecting nvidia-cufft-cu12==11.0.2.54 (from -r requirements.txt (line 29))
  Using cached nvidia_cufft_cu12-11.0.2.54-py3-none-manylinux1_x86_64.whl.metadata (1.5 kB)
Collecting nvidia-curand-cu12==10.3.2.106 (from -r requirements.txt (line 30))
  Using cached nvidia_curand_cu12-10.3.2.106-py3-none-manylinux1_x86_64.whl.metadata (1.5 kB)
Collecting nvidia-cusolver-cu12==11.4.5.107 (from -r requirements.txt (line 31))
  Using cached nvidia_cusolver_cu12-11.4.5.107-py3-none-manylinux1_x86_64.whl.metadata (1.6 kB)
Collecting nvidia-cusparse-cu12==12.1.0.106 (from -r requirements.txt (line 32))
  Using cached nvidia_cusparse_cu12-12.1.0.106-py3-none-manylinux1_x86_64.whl.metadata (1.6 kB)
Collecting nvidia-nccl-cu12==2.20.5 (from -r requirements.txt (line 33))
  Using cached nvidia_nccl_cu12-2.20.5-py3-none-manylinux2014_x86_64.whl.metadata (1.8 kB)
Collecting nvidia-nvjitlink-cu12==12.4.127 (from -r requirements.txt (line 34))
  Using cached nvidia_nvjitlink_cu12-12.4.127-py3-none-manylinux2014_x86_64.whl.metadata (1.5 kB)
Collecting nvidia-nvtx-cu12==12.1.105 (from -r requirements.txt (line 35))
  Using cached nvidia_nvtx_cu12-12.1.105-py3-none-manylinux1_x86_64.whl.metadata (1.7 kB)
Collecting packaging==24.2 (from -r requirements.txt (line 36))
  Using cached packaging-24.2-py3-none-any.whl.metadata (3.2 kB)
Collecting pandas==2.2.3 (from -r requirements.txt (line 37))
  Using cached pandas-2.2.3-cp312-cp312-manylinux_2_17_x86_64.manylinux2014_x86_64.whl.metadata (89 kB)
Collecting peft==0.13.2 (from -r requirements.txt (line 38))
  Using cached peft-0.13.2-py3-none-any.whl.metadata (13 kB)
Collecting propcache==0.2.0 (from -r requirements.txt (line 39))
  Using cached propcache-0.2.0-cp312-cp312-manylinux_2_17_x86_64.manylinux2014_x86_64.whl.metadata (7.7 kB)
Collecting psutil==6.1.0 (from -r requirements.txt (line 40))
  Using cached psutil-6.1.0-cp36-abi3-manylinux_2_12_x86_64.manylinux2010_x86_64.manylinux_2_17_x86_64.manylinux2014_x86_64.whl.metadata (22 kB)
Collecting pyarrow==18.0.0 (from -r requirements.txt (line 41))
  Using cached pyarrow-18.0.0-cp312-cp312-manylinux_2_17_x86_64.manylinux2014_x86_64.whl.metadata (3.3 kB)
Collecting python-dateutil==2.9.0.post0 (from -r requirements.txt (line 42))
  Using cached python_dateutil-2.9.0.post0-py2.py3-none-any.whl.metadata (8.4 kB)
Collecting pytz==2024.2 (from -r requirements.txt (line 43))
  Using cached pytz-2024.2-py2.py3-none-any.whl.metadata (22 kB)
Collecting PyYAML==6.0.2 (from -r requirements.txt (line 44))
  Using cached PyYAML-6.0.2-cp312-cp312-manylinux_2_17_x86_64.manylinux2014_x86_64.whl.metadata (2.1 kB)
Collecting regex==2024.11.6 (from -r requirements.txt (line 45))
  Using cached regex-2024.11.6-cp312-cp312-manylinux_2_17_x86_64.manylinux2014_x86_64.whl.metadata (40 kB)
Collecting requests==2.32.3 (from -r requirements.txt (line 46))
  Using cached requests-2.32.3-py3-none-any.whl.metadata (4.6 kB)
Collecting safetensors==0.4.5 (from -r requirements.txt (line 47))
  Using cached safetensors-0.4.5-cp312-cp312-manylinux_2_17_x86_64.manylinux2014_x86_64.whl.metadata (3.8 kB)
Collecting setuptools==75.3.0 (from -r requirements.txt (line 48))
  Using cached setuptools-75.3.0-py3-none-any.whl.metadata (6.9 kB)
Collecting six==1.16.0 (from -r requirements.txt (line 49))
  Using cached six-1.16.0-py2.py3-none-any.whl.metadata (1.8 kB)
Collecting sympy==1.13.1 (from -r requirements.txt (line 50))
  Using cached sympy-1.13.1-py3-none-any.whl.metadata (12 kB)
Collecting tokenizers==0.20.3 (from -r requirements.txt (line 51))
  Using cached tokenizers-0.20.3-cp312-cp312-manylinux_2_17_x86_64.manylinux2014_x86_64.whl.metadata (6.7 kB)
Collecting torch==2.4.1 (from -r requirements.txt (line 52))
  Using cached torch-2.4.1-cp312-cp312-manylinux1_x86_64.whl.metadata (26 kB)
Collecting tqdm==4.67.0 (from -r requirements.txt (line 53))
  Using cached tqdm-4.67.0-py3-none-any.whl.metadata (57 kB)
Collecting transformers==4.46.2 (from -r requirements.txt (line 54))
  Using cached transformers-4.46.2-py3-none-any.whl.metadata (44 kB)
Collecting triton==3.0.0 (from -r requirements.txt (line 55))
  Using cached triton-3.0.0-1-cp312-cp312-manylinux2014_x86_64.manylinux_2_17_x86_64.whl.metadata (1.3 kB)
Collecting typing_extensions==4.12.2 (from -r requirements.txt (line 56))
  Using cached typing_extensions-4.12.2-py3-none-any.whl.metadata (3.0 kB)
Collecting tzdata==2024.2 (from -r requirements.txt (line 57))
  Using cached tzdata-2024.2-py2.py3-none-any.whl.metadata (1.4 kB)
Collecting urllib3==2.2.3 (from -r requirements.txt (line 58))
  Using cached urllib3-2.2.3-py3-none-any.whl.metadata (6.5 kB)
Collecting xxhash==3.5.0 (from -r requirements.txt (line 59))
  Using cached xxhash-3.5.0-cp312-cp312-manylinux_2_17_x86_64.manylinux2014_x86_64.whl.metadata (12 kB)
Collecting yarl==1.17.2 (from -r requirements.txt (line 60))
  Using cached yarl-1.17.2-cp312-cp312-manylinux_2_17_x86_64.manylinux2014_x86_64.whl.metadata (66 kB)
Collecting scipy (from bitsandbytes==0.42.0->-r requirements.txt (line 6))
  Using cached scipy-1.14.1-cp312-cp312-manylinux_2_17_x86_64.manylinux2014_x86_64.whl.metadata (60 kB)
Using cached accelerate-1.1.1-py3-none-any.whl (333 kB)
Using cached aiohappyeyeballs-2.4.3-py3-none-any.whl (14 kB)
Using cached aiohttp-3.11.2-cp312-cp312-manylinux_2_17_x86_64.manylinux2014_x86_64.whl (1.7 MB)
Using cached aiosignal-1.3.1-py3-none-any.whl (7.6 kB)
Using cached attrs-24.2.0-py3-none-any.whl (63 kB)
Using cached bitsandbytes-0.42.0-py3-none-any.whl (105.0 MB)
Using cached certifi-2024.8.30-py3-none-any.whl (167 kB)
Using cached charset_normalizer-3.4.0-cp312-cp312-manylinux_2_17_x86_64.manylinux2014_x86_64.whl (143 kB)
Using cached datasets-3.1.0-py3-none-any.whl (480 kB)
Using cached dill-0.3.8-py3-none-any.whl (116 kB)
Using cached einops-0.8.0-py3-none-any.whl (43 kB)
Using cached filelock-3.16.1-py3-none-any.whl (16 kB)
Using cached frozenlist-1.5.0-cp312-cp312-manylinux_2_5_x86_64.manylinux1_x86_64.manylinux_2_17_x86_64.manylinux2014_x86_64.whl (283 kB)
Using cached fsspec-2024.9.0-py3-none-any.whl (179 kB)
Using cached huggingface_hub-0.26.2-py3-none-any.whl (447 kB)
Using cached idna-3.10-py3-none-any.whl (70 kB)
Using cached jinja2-3.1.4-py3-none-any.whl (133 kB)
Using cached MarkupSafe-3.0.2-cp312-cp312-manylinux_2_17_x86_64.manylinux2014_x86_64.whl (23 kB)
Using cached mpmath-1.3.0-py3-none-any.whl (536 kB)
Using cached multidict-6.1.0-cp312-cp312-manylinux_2_17_x86_64.manylinux2014_x86_64.whl (131 kB)
Using cached multiprocess-0.70.16-py312-none-any.whl (146 kB)
Using cached networkx-3.4.2-py3-none-any.whl (1.7 MB)
Using cached numpy-2.1.3-cp312-cp312-manylinux_2_17_x86_64.manylinux2014_x86_64.whl (16.0 MB)
Downloading nvidia_cublas_cu12-12.1.3.1-py3-none-manylinux1_x86_64.whl (410.6 MB)
   ━━━━━━━━━━━━━━━━━━━━━━━━━━━━━━━━━━━━━━━━ 410.6/410.6 MB 2.7 MB/s eta 0:00:00
Using cached nvidia_cuda_cupti_cu12-12.1.105-py3-none-manylinux1_x86_64.whl (14.1 MB)
Using cached nvidia_cuda_nvrtc_cu12-12.1.105-py3-none-manylinux1_x86_64.whl (23.7 MB)
Using cached nvidia_cuda_runtime_cu12-12.1.105-py3-none-manylinux1_x86_64.whl (823 kB)
Downloading nvidia_cudnn_cu12-9.1.0.70-py3-none-manylinux2014_x86_64.whl (664.8 MB)
   ━━━━━━━━━━━━━━━━━━━━━━━━━━━━━━━━━━━━━━━━ 664.8/664.8 MB 1.7 MB/s eta 0:00:00
Downloading nvidia_cufft_cu12-11.0.2.54-py3-none-manylinux1_x86_64.whl (121.6 MB)
   ━━━━━━━━━━━━━━━━━━━━━━━━━━━━━━━━━━━━━━━━ 121.6/121.6 MB 8.4 MB/s eta 0:00:00
Using cached nvidia_curand_cu12-10.3.2.106-py3-none-manylinux1_x86_64.whl (56.5 MB)
Downloading nvidia_cusolver_cu12-11.4.5.107-py3-none-manylinux1_x86_64.whl (124.2 MB)
   ━━━━━━━━━━━━━━━━━━━━━━━━━━━━━━━━━━━━━━━━ 124.2/124.2 MB 8.4 MB/s eta 0:00:00
Downloading nvidia_cusparse_cu12-12.1.0.106-py3-none-manylinux1_x86_64.whl (196.0 MB)
   ━━━━━━━━━━━━━━━━━━━━━━━━━━━━━━━━━━━━━━━━ 196.0/196.0 MB 5.5 MB/s eta 0:00:00
Downloading nvidia_nccl_cu12-2.20.5-py3-none-manylinux2014_x86_64.whl (176.2 MB)
   ━━━━━━━━━━━━━━━━━━━━━━━━━━━━━━━━━━━━━━━━ 176.2/176.2 MB 6.1 MB/s eta 0:00:00
Using cached nvidia_nvjitlink_cu12-12.4.127-py3-none-manylinux2014_x86_64.whl (21.1 MB)
Using cached nvidia_nvtx_cu12-12.1.105-py3-none-manylinux1_x86_64.whl (99 kB)
Using cached packaging-24.2-py3-none-any.whl (65 kB)
Using cached pandas-2.2.3-cp312-cp312-manylinux_2_17_x86_64.manylinux2014_x86_64.whl (12.7 MB)
Using cached peft-0.13.2-py3-none-any.whl (320 kB)
Using cached propcache-0.2.0-cp312-cp312-manylinux_2_17_x86_64.manylinux2014_x86_64.whl (248 kB)
Using cached psutil-6.1.0-cp36-abi3-manylinux_2_12_x86_64.manylinux2010_x86_64.manylinux_2_17_x86_64.manylinux2014_x86_64.whl (287 kB)
Downloading pyarrow-18.0.0-cp312-cp312-manylinux_2_17_x86_64.manylinux2014_x86_64.whl (40.1 MB)
   ━━━━━━━━━━━━━━━━━━━━━━━━━━━━━━━━━━━━━━━━ 40.1/40.1 MB 22.4 MB/s eta 0:00:00
Using cached python_dateutil-2.9.0.post0-py2.py3-none-any.whl (229 kB)
Using cached pytz-2024.2-py2.py3-none-any.whl (508 kB)
Using cached PyYAML-6.0.2-cp312-cp312-manylinux_2_17_x86_64.manylinux2014_x86_64.whl (767 kB)
Using cached regex-2024.11.6-cp312-cp312-manylinux_2_17_x86_64.manylinux2014_x86_64.whl (796 kB)
Using cached requests-2.32.3-py3-none-any.whl (64 kB)
Using cached safetensors-0.4.5-cp312-cp312-manylinux_2_17_x86_64.manylinux2014_x86_64.whl (434 kB)
Using cached setuptools-75.3.0-py3-none-any.whl (1.3 MB)
Using cached six-1.16.0-py2.py3-none-any.whl (11 kB)
Using cached sympy-1.13.1-py3-none-any.whl (6.2 MB)
Using cached tokenizers-0.20.3-cp312-cp312-manylinux_2_17_x86_64.manylinux2014_x86_64.whl (3.0 MB)
Downloading torch-2.4.1-cp312-cp312-manylinux1_x86_64.whl (797.0 MB)
   ━━━━━━━━━━━━━━━━━━━━━━━━━━━━━━━━━━━━━━━━ 797.0/797.0 MB 1.4 MB/s eta 0:00:00
Using cached tqdm-4.67.0-py3-none-any.whl (78 kB)
Using cached transformers-4.46.2-py3-none-any.whl (10.0 MB)
Downloading triton-3.0.0-1-cp312-cp312-manylinux2014_x86_64.manylinux_2_17_x86_64.whl (209.5 MB)
   ━━━━━━━━━━━━━━━━━━━━━━━━━━━━━━━━━━━━━━━━ 209.5/209.5 MB 5.1 MB/s eta 0:00:00
Using cached typing_extensions-4.12.2-py3-none-any.whl (37 kB)
Using cached tzdata-2024.2-py2.py3-none-any.whl (346 kB)
Using cached urllib3-2.2.3-py3-none-any.whl (126 kB)
Using cached xxhash-3.5.0-cp312-cp312-manylinux_2_17_x86_64.manylinux2014_x86_64.whl (194 kB)
Using cached yarl-1.17.2-cp312-cp312-manylinux_2_17_x86_64.manylinux2014_x86_64.whl (336 kB)
Using cached scipy-1.14.1-cp312-cp312-manylinux_2_17_x86_64.manylinux2014_x86_64.whl (40.8 MB)
Installing collected packages: pytz, mpmath, xxhash, urllib3, tzdata, typing_extensions, tqdm, sympy, six, setuptools, safetensors, regex, PyYAML, pyarrow, psutil, propcache, packaging, nvidia-nvtx-cu12, nvidia-nvjitlink-cu12, nvidia-nccl-cu12, nvidia-curand-cu12, nvidia-cufft-cu12, nvidia-cuda-runtime-cu12, nvidia-cuda-nvrtc-cu12, nvidia-cuda-cupti-cu12, nvidia-cublas-cu12, numpy, networkx, multidict, MarkupSafe, idna, fsspec, frozenlist, filelock, einops, dill, charset-normalizer, certifi, attrs, aiohappyeyeballs, yarl, triton, scipy, requests, python-dateutil, nvidia-cusparse-cu12, nvidia-cudnn-cu12, multiprocess, Jinja2, aiosignal, pandas, nvidia-cusolver-cu12, huggingface-hub, bitsandbytes, aiohttp, torch, tokenizers, transformers, datasets, accelerate, peft
